

Erro 1:               Field 'id_mvt_veic' not found
Erro 2:               Erro No Banco De Dados 

Data/Hora:            18/07/2023 - 17:21:38
Arquivo Err:          C:\Users\Eduardo\Documents\Delphi\Estacionamento\Win32\Debug\Erro0055.ERR

StackTrace:           
(GetCrashStackTrace)
006b815a Estacionamento.exe Data.DB              3238 DatabaseError
006b81f9 Estacionamento.exe Data.DB              3244 DatabaseErrorFmt
006cea64 Estacionamento.exe Data.DB             13283 Error
006ceaab Estacionamento.exe Data.DB             13288 TDataSet.FieldByName
00b3d972 Estacionamento.exe connection            118 Tdm.mostrarCdgMvt
00b3d7bb Estacionamento.exe connection            110 Tdm.lancarMovimento
00d9ef46 Estacionamento.exe MovimentoController    49 TMovimentoController.lancarMovimento
00d9f412 Estacionamento.exe LancarMovimentoView    38 TfrmLacamentoMvt.btnLancaMvtClick
00585b87 Estacionamento.exe Vcl.Controls         7596 TControl.Click
00678edc Estacionamento.exe Vcl.Buttons          1964 TCustomSpeedButton.Click
00a8446a Estacionamento.exe SQLBtn                285 TSQLBtn.Click
00678ec6 Estacionamento.exe Vcl.Buttons          1957 TCustomSpeedButton.MouseUp
00a849d0 Estacionamento.exe SQLBtn                402 TSQLBtn.MouseUp
00585fb8 Estacionamento.exe Vcl.Controls         7724 TControl.DoMouseUp
00586046 Estacionamento.exe Vcl.Controls         7737 TControl.WMLButtonUp
0058562e Estacionamento.exe Vcl.Controls         7480 TControl.WndProc
00585268 Estacionamento.exe Vcl.Controls         7258 TControl.Perform
00589d84 Estacionamento.exe Vcl.Controls        10190 TWinControl.IsControlMouseMsg
0058a3d5 Estacionamento.exe Vcl.Controls        10368 TWinControl.WndProc
00589ad0 Estacionamento.exe Vcl.Controls        10113 TWinControl.MainWndProc
00490ca8 Estacionamento.exe System.Classes      18175 StdWndProc
772a5e7b USER32.dll                                   DispatchMessageW
00665b8b Estacionamento.exe Vcl.Forms           11028 TApplication.ProcessMessage
00665bce Estacionamento.exe Vcl.Forms           11058 TApplication.HandleMessage
00660faa Estacionamento.exe Vcl.Forms            7739 TCustomForm.ShowModal
00661039 Estacionamento.exe Vcl.Forms            7747 TCustomForm.ShowModal
00661153 Estacionamento.exe Vcl.Forms            7771 TCustomForm.ShowModal
00da006f Estacionamento.exe main                   68 TfrmMain.btnLancarMovimentoClick
00585b87 Estacionamento.exe Vcl.Controls         7596 TControl.Click
00678edc Estacionamento.exe Vcl.Buttons          1964 TCustomSpeedButton.Click
00a8446a Estacionamento.exe SQLBtn                285 TSQLBtn.Click
00a84499 Estacionamento.exe SQLBtn                287 TSQLBtn.Click
00678ec6 Estacionamento.exe Vcl.Buttons          1957 TCustomSpeedButton.MouseUp
00a849d0 Estacionamento.exe SQLBtn                402 TSQLBtn.MouseUp
00585fb8 Estacionamento.exe Vcl.Controls         7724 TControl.DoMouseUp
00586046 Estacionamento.exe Vcl.Controls         7737 TControl.WMLButtonUp
0058562e Estacionamento.exe Vcl.Controls         7480 TControl.WndProc
00585268 Estacionamento.exe Vcl.Controls         7258 TControl.Perform
00589d84 Estacionamento.exe Vcl.Controls        10190 TWinControl.IsControlMouseMsg
0058a3d5 Estacionamento.exe Vcl.Controls        10368 TWinControl.WndProc
00589ad0 Estacionamento.exe Vcl.Controls        10113 TWinControl.MainWndProc
00589aeb Estacionamento.exe Vcl.Controls        10116 TWinControl.MainWndProc
00490ca8 Estacionamento.exe System.Classes      18175 StdWndProc
772a5e7b USER32.dll                                   DispatchMessageW
00665b8b Estacionamento.exe Vcl.Forms           11028 TApplication.ProcessMessage
00665bce Estacionamento.exe Vcl.Forms           11058 TApplication.HandleMessage
00665f05 Estacionamento.exe Vcl.Forms           11196 TApplication.Run
76ce00c7 KERNEL32.DLL                                 BaseThreadInitThunk

Comando 20: SELECT id_mvt FROM movimentos ORDER BY id_mvt DESC LIMIT 1
Comando 19:  BEGIN; INSERT INTO movimentos (entrada_data, entrada_hora, id_mvt_cadastro_func,
 id_mvt_manobrista_func, id_mvt_veic) VALUES(CAST('2023-07-18' AS DATE), '17:21:37',
 1, 1, 10);  END; 
Comando 18: INSERT INTO movimentos (entrada_data, entrada_hora, id_mvt_cadastro_func, id_mvt_manobrista_func,
 id_mvt_veic) VALUES(CAST('2023-07-18' AS DATE), '17:21:37', 1, 1, 10)
Comando 17: SELECT id_veic FROM veiculos WHERE placa='BGF5TYH'
Comando 16: select to_char(current_timestamp(3),'YYYY-MM-DD HH24:MI:SS.MS') as server_time, cast(EXTRACT(TIMEZONE 
FROM current_timestamp)/3600 as integer) as offset
Comando 15: select campo from dicionario where tabela='GERALOGCOMANDOS'
Comando 14: SELECT Campo, Titulo FROM Dicionario WHERE Tabela='SYSTEM'
Comando 13: select tabela,campo,tipo,titulo,mensagem,mascara,tamanho,casasdec,width,altera,empty,
alinhamento,totalizacao,colbasetot,duplicity from dicionario where tabela='VERSAOSYSTEM' 
order by tabela,campo
Comando 12: 
Comando 11: 
Comando 10: 
Comando 9: 
Comando 8: 
Comando 7: 
Comando 6: 
Comando 5: 
Comando 4: 
Comando 3: 
Comando 2: 
Comando 1: 

Controle Execução 20: 
Controle Execução 19: 
Controle Execução 18: 
Controle Execução 17: 
Controle Execução 16: 
Controle Execução 15: 
Controle Execução 14: 
Controle Execução 13: 
Controle Execução 12: 
Controle Execução 11: 
Controle Execução 10: 
Controle Execução 9: 
Controle Execução 8: 
Controle Execução 7: 
Controle Execução 6: 
Controle Execução 5: 
Controle Execução 4: 
Controle Execução 3: 
Controle Execução 2: 
Controle Execução 1: 

Empresa:               / 
Usuario:               / 
Último Botão:         frmLacamentoMvt->Lançar
Último Edit:          OnEnter, frmLacamentoMvt->Placa:, Text: 
Última Tecla:         86
Último Aviso:         Movimento lançado!

Sistema Operacional:  Windows NT / 2003 / XP / Versão: 10.0.19044
Memória Total:        2047 MB, (Usada: 47,000 %)
Endereço IP Local:    192.168.50.230
Nome do Computador:   DESKTOP-CGKE8G9
Banco de Dados:       POSTGRESQL
Endereço Servidor:    localhost
Base de Dados:        estacionamento
Compilador:           VER340 (Delphi 10.4 Sydney)

