

Erro 1:               Access violation at address 0065B0FF in module 'Estacionamento.exe'. Read of address 00000010

Data/Hora:            18/07/2023 - 16:39:20
Arquivo Err:          C:\Users\Eduardo\Documents\Delphi\Estacionamento\Win32\Debug\Erro0054.ERR

StackTrace:           
(GetCrashStackTrace)
0065b0ff Estacionamento.exe Vcl.Forms       4338 TCustomForm.IsFormSizeStored
0065b0e5 Estacionamento.exe Vcl.Forms       4333 TCustomForm.IsClientSizeStored
0065dadc Estacionamento.exe Vcl.Forms       5825 TCustomForm.CreateParams
00588f41 Estacionamento.exe Vcl.Controls    9708 TWinControl.CreateWnd
00585268 Estacionamento.exe Vcl.Controls    7258 TControl.Perform
00589d84 Estacionamento.exe Vcl.Controls   10190 TWinControl.IsControlMouseMsg
006d006c Estacionamento.exe Data.DB        14048 TDataSet.Resync
00659705 Estacionamento.exe Vcl.Forms       3280 TScrollingWinControl.CreateWnd
0065db56 Estacionamento.exe Vcl.Forms       5889 TCustomForm.CreateWnd
00589512 Estacionamento.exe Vcl.Controls    9901 TWinControl.CreateHandle
0058d978 Estacionamento.exe Vcl.Controls   12541 TWinControl.HandleNeeded
0058d985 Estacionamento.exe Vcl.Controls   12547 TWinControl.GetHandle
00660ef3 Estacionamento.exe Vcl.Forms       7724 TCustomForm.ShowModal
00d9fe8b Estacionamento.exe main              67 TfrmMain.btnLancarMovimentoClick
00585b87 Estacionamento.exe Vcl.Controls    7596 TControl.Click
00678edc Estacionamento.exe Vcl.Buttons     1964 TCustomSpeedButton.Click
00a8446a Estacionamento.exe SQLBtn           285 TSQLBtn.Click
00678ec6 Estacionamento.exe Vcl.Buttons     1957 TCustomSpeedButton.MouseUp
00a849d0 Estacionamento.exe SQLBtn           402 TSQLBtn.MouseUp
00585fb8 Estacionamento.exe Vcl.Controls    7724 TControl.DoMouseUp
00586046 Estacionamento.exe Vcl.Controls    7737 TControl.WMLButtonUp
0058562e Estacionamento.exe Vcl.Controls    7480 TControl.WndProc
00585268 Estacionamento.exe Vcl.Controls    7258 TControl.Perform
00589d84 Estacionamento.exe Vcl.Controls   10190 TWinControl.IsControlMouseMsg
0058a3d5 Estacionamento.exe Vcl.Controls   10368 TWinControl.WndProc
00589ad0 Estacionamento.exe Vcl.Controls   10113 TWinControl.MainWndProc
00490ca8 Estacionamento.exe System.Classes 18175 StdWndProc
772a5e7b USER32.dll                              DispatchMessageW
00665b8b Estacionamento.exe Vcl.Forms      11028 TApplication.ProcessMessage
00665bce Estacionamento.exe Vcl.Forms      11058 TApplication.HandleMessage
00665f05 Estacionamento.exe Vcl.Forms      11196 TApplication.Run
76ce00c7 KERNEL32.DLL                            BaseThreadInitThunk

Comando 20:  BEGIN; INSERT INTO movimentos (entrada_data, entrada_hora, id_mvt_cadastro_func,
 id_mvt_manobrista_func, id_mvt_veic) VALUES(CAST('2023-07-18' AS DATE), '16:39:17',
 1, 1, 8);  END; 
Comando 19: INSERT INTO movimentos (entrada_data, entrada_hora, id_mvt_cadastro_func, id_mvt_manobrista_func,
 id_mvt_veic) VALUES(CAST('2023-07-18' AS DATE), '16:39:17', 1, 1, 8)
Comando 18: SELECT id_veic FROM veiculos WHERE placa='RGD56YT'
Comando 17:  BEGIN; INSERT INTO veiculos (modelo, placa, ano, id_veic_clie) VALUES('NNNN', 'RGD56YT',
 'NNNN', 0);  END; 
Comando 16: INSERT INTO veiculos (modelo, placa, ano, id_veic_clie) VALUES('NNNN', 'RGD56YT',
 'NNNN', 0)
Comando 15: SELECT id_veic FROM veiculos WHERE placa='RGD56YT'
Comando 14: select to_char(current_timestamp(3),'YYYY-MM-DD HH24:MI:SS.MS') as server_time, cast(EXTRACT(TIMEZONE 
FROM current_timestamp)/3600 as integer) as offset
Comando 13: select campo from dicionario where tabela='GERALOGCOMANDOS'
Comando 12: SELECT Campo, Titulo FROM Dicionario WHERE Tabela='SYSTEM'
Comando 11: select tabela,campo,tipo,titulo,mensagem,mascara,tamanho,casasdec,width,altera,empty,
alinhamento,totalizacao,colbasetot,duplicity from dicionario where tabela='VERSAOSYSTEM' 
order by tabela,campo
Comando 10: 
Comando 9: 
Comando 8: 
Comando 7: 
Comando 6: 
Comando 5: 
Comando 4: 
Comando 3: 
Comando 2: 
Comando 1: 

Controle Execução 20: 
Controle Execução 19: 
Controle Execução 18: 
Controle Execução 17: 
Controle Execução 16: 
Controle Execução 15: 
Controle Execução 14: 
Controle Execução 13: 
Controle Execução 12: 
Controle Execução 11: 
Controle Execução 10: 
Controle Execução 9: 
Controle Execução 8: 
Controle Execução 7: 
Controle Execução 6: 
Controle Execução 5: 
Controle Execução 4: 
Controle Execução 3: 
Controle Execução 2: 
Controle Execução 1: 

Empresa:               / 
Usuario:               / 
Último Botão:         frmLacamentoMvt->Lançar
Último Edit:          OnEnter, frmLacamentoMvt->Placa:, Text: 
Última Tecla:         84
Último Aviso:         Movimento lançado!

Sistema Operacional:  Windows NT / 2003 / XP / Versão: 10.0.19044
Memória Total:        2047 MB, (Usada: 49,000 %)
Endereço IP Local:    192.168.50.230
Nome do Computador:   DESKTOP-CGKE8G9
Banco de Dados:       POSTGRESQL
Endereço Servidor:    localhost
Base de Dados:        estacionamento
Compilador:           VER340 (Delphi 10.4 Sydney)

