

Erro 1:               syntax error at or near "="; SQL Executada: SELECT id_func FROM nome='Mateus'

Data/Hora:            19/07/2023 - 14:59:13
Arquivo Err:          C:\Users\Eduardo\Documents\Delphi\Estacionamento\Win32\Debug\Erro0059.ERR

StackTrace:           
(GetCrashStackTrace)
0078ade9 Estacionamento.exe Data.DBXCommon              11080 TDBXContext.Error
0096e456 Estacionamento.exe Data.DBXDynalink              825 TDBXMethodTable.RaiseError
0096ee0f Estacionamento.exe Data.DBXDynalink             1113 TDBXDynalinkCommand.CheckResult
0096ef3b Estacionamento.exe Data.DBXDynalink             1157 TDBXDynalinkCommand.DerivedExecuteQuery
007874ad Estacionamento.exe Data.DBXCommon               8963 TDBXCommand.ExecuteQuery
00787a03 Estacionamento.exe Data.DBXCommon               9150 TDBXMorphicCommand.ExecuteQuery
008206b8 Estacionamento.exe Data.SqlExpr                 6339 TCustomSQLDataSet.ExecuteStatement
00819cfc Estacionamento.exe Data.SqlExpr                 4045 TCustomSQLDataSet.InternalOpen
006d571e Estacionamento.exe Data.DB                     12679 TDataSet.DoInternalOpen
006d57ce Estacionamento.exe Data.DB                     12708 TDataSet.OpenCursor
00819e37 Estacionamento.exe Data.SqlExpr                 4077 TCustomSQLDataSet.OpenCursor
006d5681 Estacionamento.exe Data.DB                     12660 TDataSet.SetActive
00a643ce Estacionamento.exe SqlSis                      11738 TSqlQueryCustom.SetActive
006d54c0 Estacionamento.exe Data.DB                     12616 TDataSet.Open
00a5efe5 Estacionamento.exe SqlSis                      10836 TSQLEnv.SqlToQuery
00a85fd6 Estacionamento.exe SqlFun                       6212 SqlToQuery
00daa40b Estacionamento.exe System.Generics.Collections    28 TUsuarioController.cadastrarUsuario
00dab3dc Estacionamento.exe FuncionarioView               115 TfrmFuncionarioView.btnCadastraUsuarioClick
00585b9f Estacionamento.exe Vcl.Controls                 7596 TControl.Click
00681320 Estacionamento.exe Vcl.Buttons                  1964 TCustomSpeedButton.Click
00a8c8ae Estacionamento.exe SQLBtn                        285 TSQLBtn.Click
0068130a Estacionamento.exe Vcl.Buttons                  1957 TCustomSpeedButton.MouseUp
00a8ce14 Estacionamento.exe SQLBtn                        402 TSQLBtn.MouseUp
00585fd0 Estacionamento.exe Vcl.Controls                 7724 TControl.DoMouseUp
0058605e Estacionamento.exe Vcl.Controls                 7737 TControl.WMLButtonUp
00585646 Estacionamento.exe Vcl.Controls                 7480 TControl.WndProc
00585280 Estacionamento.exe Vcl.Controls                 7258 TControl.Perform
00589d9c Estacionamento.exe Vcl.Controls                10190 TWinControl.IsControlMouseMsg
0058a3ed Estacionamento.exe Vcl.Controls                10368 TWinControl.WndProc
00589ae8 Estacionamento.exe Vcl.Controls                10113 TWinControl.MainWndProc
00490cc0 Estacionamento.exe System.Classes              18175 StdWndProc
772a5e7b USER32.dll                                           DispatchMessageW
0066dfcf Estacionamento.exe Vcl.Forms                   11028 TApplication.ProcessMessage
0066e012 Estacionamento.exe Vcl.Forms                   11058 TApplication.HandleMessage
006693ee Estacionamento.exe Vcl.Forms                    7739 TCustomForm.ShowModal
0066947d Estacionamento.exe Vcl.Forms                    7747 TCustomForm.ShowModal
00669597 Estacionamento.exe Vcl.Forms                    7771 TCustomForm.ShowModal
00dad5eb Estacionamento.exe main                           75 TfrmMain.btnCadFuncClick
00585b9f Estacionamento.exe Vcl.Controls                 7596 TControl.Click
00681320 Estacionamento.exe Vcl.Buttons                  1964 TCustomSpeedButton.Click
00a8c8ae Estacionamento.exe SQLBtn                        285 TSQLBtn.Click
00a8c8dd Estacionamento.exe SQLBtn                        287 TSQLBtn.Click
0068130a Estacionamento.exe Vcl.Buttons                  1957 TCustomSpeedButton.MouseUp
00a8ce14 Estacionamento.exe SQLBtn                        402 TSQLBtn.MouseUp
00585fd0 Estacionamento.exe Vcl.Controls                 7724 TControl.DoMouseUp
0058605e Estacionamento.exe Vcl.Controls                 7737 TControl.WMLButtonUp
00585646 Estacionamento.exe Vcl.Controls                 7480 TControl.WndProc
00585280 Estacionamento.exe Vcl.Controls                 7258 TControl.Perform
00589d9c Estacionamento.exe Vcl.Controls                10190 TWinControl.IsControlMouseMsg
0058a3ed Estacionamento.exe Vcl.Controls                10368 TWinControl.WndProc
00589ae8 Estacionamento.exe Vcl.Controls                10113 TWinControl.MainWndProc
00589b03 Estacionamento.exe Vcl.Controls                10116 TWinControl.MainWndProc
00490cc0 Estacionamento.exe System.Classes              18175 StdWndProc
772a5e7b USER32.dll                                           DispatchMessageW
0066dfcf Estacionamento.exe Vcl.Forms                   11028 TApplication.ProcessMessage
0066e012 Estacionamento.exe Vcl.Forms                   11058 TApplication.HandleMessage
0066e349 Estacionamento.exe Vcl.Forms                   11196 TApplication.Run
76ce00c7 KERNEL32.DLL                                         BaseThreadInitThunk

Comando 20: SELECT id_func FROM nome='Mateus'
Comando 19: SELECT nome FROM funcionarios
Comando 18: SELECT nome FROM funcionarios
Comando 17: select * from funcionarios
Comando 16:  BEGIN; INSERT INTO funcionarios (nome, sobrenome, cpf, celular, cep, endereco, numero)
 VALUES('Mateus', 'Paiva', '14076115937', '41996315325', '81670090', 'Rua Oliveira 
Viana', '2596');  END; 
Comando 15: INSERT INTO funcionarios (nome, sobrenome, cpf, celular, cep, endereco, numero) VALUES('Mateus',
 'Paiva', '14076115937', '41996315325', '81670090', 'Rua Oliveira Viana', '2596')

Comando 14: select tabela,campo,tipo,titulo,mensagem,mascara,tamanho,casasdec,width,altera,empty,
alinhamento,totalizacao,colbasetot,duplicity from dicionario where tabela='FORMATOSREL' 
order by tabela,campo
Comando 13: SELECT * FROM formatosrel WHERE 1=2
Comando 12: SELECT nome FROM funcionarios
Comando 11: SELECT COUNT(*) as totalbx FROM movimentos WHERE valor IS NOT NULL AND saida_data='19/07/23'
Comando 10: SELECT COUNT(*) as total FROM movimentos WHERE valor IS NULL
Comando 9: select to_char(current_timestamp(3),'YYYY-MM-DD HH24:MI:SS.MS') as server_time, cast(EXTRACT(TIMEZONE 
FROM current_timestamp)/3600 as integer) as offset
Comando 8: select campo from dicionario where tabela='GERALOGCOMANDOS'
Comando 7: SELECT Campo, Titulo FROM Dicionario WHERE Tabela='SYSTEM'
Comando 6: select tabela,campo,tipo,titulo,mensagem,mascara,tamanho,casasdec,width,altera,empty,
alinhamento,totalizacao,colbasetot,duplicity from dicionario where tabela='VERSAOSYSTEM' 
order by tabela,campo
Comando 5: 
Comando 4: 
Comando 3: 
Comando 2: 
Comando 1: 

Controle Execução 20: 
Controle Execução 19: 
Controle Execução 18: 
Controle Execução 17: 
Controle Execução 16: 
Controle Execução 15: 
Controle Execução 14: 
Controle Execução 13: 
Controle Execução 12: 
Controle Execução 11: 
Controle Execução 10: 
Controle Execução 9: 
Controle Execução 8: 
Controle Execução 7: 
Controle Execução 6: 
Controle Execução 5: 
Controle Execução 4: 
Controle Execução 3: 
Controle Execução 2: 
Controle Execução 1: 

Empresa:               / 
Usuario:               / 
Último Botão:         frmFuncionarioView->Cadastrar
Último Edit:          OnExit, frmFuncionarioView->Senha:, Text: ****
Última Tecla:         100
Último Aviso:         Funcionário cadastrado com sucesso

Sistema Operacional:  Windows NT / 2003 / XP / Versão: 10.0.19044
Memória Total:        2047 MB, (Usada: 46,000 %)
Endereço IP Local:    192.168.50.230
Nome do Computador:   DESKTOP-CGKE8G9
Banco de Dados:       POSTGRESQL
Endereço Servidor:    localhost
Base de Dados:        estacionamento
Compilador:           VER340 (Delphi 10.4 Sydney)

