

Erro 1:               Access violation at address 006C43DE in module 'Estacionamento.exe'. Read of address 00000000

Versao:               1
Data/Hora:            17/07/2023 - 11:10:42
Arquivo Err:          C:\Users\Eduardo\Documents\Delphi\Estacionamento\Win32\Debug\Erro0021.ERR

StackTrace:           
(GetCrashStackTrace)
006c43de Estacionamento.exe Data.DB           12621 TDataSet.Close
00b15428 Estacionamento.exe connection           99 Tdm.insereIdClie
00b156a9 Estacionamento.exe connection          113 Tdm.insertClientes
00b158d7 Estacionamento.exe clienteController    37 TClienteController.insertClientes
00b15e0f Estacionamento.exe cadCliente           39 TfrmCadCliente.btnCadClick
0057e82f Estacionamento.exe Vcl.Controls       7596 TControl.Click
00670234 Estacionamento.exe Vcl.Buttons        1964 TCustomSpeedButton.Click
00a6a522 Estacionamento.exe SQLBtn              285 TSQLBtn.Click
0067021e Estacionamento.exe Vcl.Buttons        1957 TCustomSpeedButton.MouseUp
00a6aa88 Estacionamento.exe SQLBtn              402 TSQLBtn.MouseUp
0057ec60 Estacionamento.exe Vcl.Controls       7724 TControl.DoMouseUp
0057ecee Estacionamento.exe Vcl.Controls       7737 TControl.WMLButtonUp
0057e2d6 Estacionamento.exe Vcl.Controls       7480 TControl.WndProc
0057df10 Estacionamento.exe Vcl.Controls       7258 TControl.Perform
00582a2c Estacionamento.exe Vcl.Controls      10190 TWinControl.IsControlMouseMsg
0058307d Estacionamento.exe Vcl.Controls      10368 TWinControl.WndProc
00582778 Estacionamento.exe Vcl.Controls      10113 TWinControl.MainWndProc
0048e788 Estacionamento.exe System.Classes    18175 StdWndProc
772a5e7b USER32.dll                                 DispatchMessageW
0065cee3 Estacionamento.exe Vcl.Forms         11028 TApplication.ProcessMessage
0065cf26 Estacionamento.exe Vcl.Forms         11058 TApplication.HandleMessage
00658302 Estacionamento.exe Vcl.Forms          7739 TCustomForm.ShowModal
00658391 Estacionamento.exe Vcl.Forms          7747 TCustomForm.ShowModal
006584ab Estacionamento.exe Vcl.Forms          7771 TCustomForm.ShowModal
00b1628b Estacionamento.exe main                 39 TfrmMain.btnCadClienteClick
0057e82f Estacionamento.exe Vcl.Controls       7596 TControl.Click
00670234 Estacionamento.exe Vcl.Buttons        1964 TCustomSpeedButton.Click
00a6a522 Estacionamento.exe SQLBtn              285 TSQLBtn.Click
00a6a551 Estacionamento.exe SQLBtn              287 TSQLBtn.Click
0067021e Estacionamento.exe Vcl.Buttons        1957 TCustomSpeedButton.MouseUp
00a6aa88 Estacionamento.exe SQLBtn              402 TSQLBtn.MouseUp
0057ec60 Estacionamento.exe Vcl.Controls       7724 TControl.DoMouseUp
0057ecee Estacionamento.exe Vcl.Controls       7737 TControl.WMLButtonUp
0057e2d6 Estacionamento.exe Vcl.Controls       7480 TControl.WndProc
0057df10 Estacionamento.exe Vcl.Controls       7258 TControl.Perform
00582a2c Estacionamento.exe Vcl.Controls      10190 TWinControl.IsControlMouseMsg
0058307d Estacionamento.exe Vcl.Controls      10368 TWinControl.WndProc
00582778 Estacionamento.exe Vcl.Controls      10113 TWinControl.MainWndProc
00582793 Estacionamento.exe Vcl.Controls      10116 TWinControl.MainWndProc
0048e788 Estacionamento.exe System.Classes    18175 StdWndProc
772a5e7b USER32.dll                                 DispatchMessageW
0065cee3 Estacionamento.exe Vcl.Forms         11028 TApplication.ProcessMessage
0065cf26 Estacionamento.exe Vcl.Forms         11058 TApplication.HandleMessage
0065d25d Estacionamento.exe Vcl.Forms         11196 TApplication.Run
76ce00c7 KERNEL32.DLL                               BaseThreadInitThunk

Comando 20:  BEGIN; INSERT INTO pessoas (nome, sobrenome, cpf_cnpj, tipo_pessoa, data_cadastro)
 VALUES('dffdsdvsdvsd', 'vsdvcdscvd', '14073187451', 'F', CAST('2023-07-17' AS DATE)
);  END; 
Comando 19: INSERT INTO pessoas (nome, sobrenome, cpf_cnpj, tipo_pessoa, data_cadastro) VALUES('dffdsdvsdvsd',
 'vsdvcdscvd', '14073187451', 'F', CAST('2023-07-17' AS DATE))
Comando 18: -- Final dos Comandos DDL
Comando 17:  BEGIN; INSERT INTO DICIONARIO (TABELA, CAMPO) VALUES('VERSAOSYSTEM', '1');  END;
 
Comando 16: INSERT INTO DICIONARIO (TABELA, CAMPO) VALUES('VERSAOSYSTEM', '1')
Comando 15: DELETE FROM DICIONARIO WHERE TABELA='VERSAOSYSTEM'
Comando 14: Analyse formatosrel
Comando 13: Analyse formatosrel
Comando 12: CREATE UNIQUE INDEX formatosrel_idx ON formatosrel(Loja,Usuario,GrUsuario,NomeRel,
NomeFormato)
Comando 11: CREATE UNIQUE INDEX formatosrel_idx ON formatosrel(Loja,Usuario,GrUsuario,NomeRel,
NomeFormato)
Comando 10: DROP INDEX formatosrel_idx
Comando 9: DROP INDEX formatosrel_idx
Comando 8: Analyse dicionario
Comando 7: Analyse dicionario
Comando 6: CREATE UNIQUE INDEX dicionario_idx ON dicionario(Tabela,Campo)
Comando 5: CREATE UNIQUE INDEX dicionario_idx ON dicionario(Tabela,Campo)
Comando 4: DROP INDEX dicionario_idx
Comando 3: DROP INDEX dicionario_idx
Comando 2:  BEGIN; DELETE FROM Dicionario WHERE Tabela='CLIENTES' And Campo='ID_CLIE_PESS'; 
INSERT INTO Dicionario (TABELA, CAMPO, TIPO, TITULO, MENSAGEM, MASCARA, TAMANHO, 
CASASDEC, WIDTH, ALTERA, EMPTY, ALINHAMENTO, TOTALIZACAO, COLBASETOT, DUPLICITY, 
VERSAO) VALUES('CLIENTES', 'ID_CLIE_PESS', 'N', 'Código', 'Código da pessoa vinculada',
 '#######0', 8, 0, 80, 'N', 'S', '3', '', '', '2', '1');  END; 
Comando 1: INSERT INTO Dicionario (TABELA, CAMPO, TIPO, TITULO, MENSAGEM, MASCARA, TAMANHO, 
CASASDEC, WIDTH, ALTERA, EMPTY, ALINHAMENTO, TOTALIZACAO, COLBASETOT, DUPLICITY, 
VERSAO) VALUES('CLIENTES', 'ID_CLIE_PESS', 'N', 'Código', 'Código da pessoa vinculada',
 '#######0', 8, 0, 80, 'N', 'S', '3', '', '', '2', '1')

Controle Execução 20: Verificando Indices, Tabela: FormatosRel
Controle Execução 19: Verificando Indices, Tabela: Dicionario
Controle Execução 18: 
Controle Execução 17: 
Controle Execução 16: 
Controle Execução 15: 
Controle Execução 14: 
Controle Execução 13: 
Controle Execução 12: 
Controle Execução 11: 
Controle Execução 10: 
Controle Execução 9: 
Controle Execução 8: 
Controle Execução 7: 
Controle Execução 6: 
Controle Execução 5: 
Controle Execução 4: 
Controle Execução 3: 
Controle Execução 2: 
Controle Execução 1: 

Empresa:               / 
Usuario:               / 
Último Botão:         frmCadCliente->Cadastrar
Último Edit:          OnEnter, frmCadCliente->CPF/CNPJ:, Text: 
Última Tecla:         97
Último Aviso:         Instalação Concluída

Sistema Operacional:  Windows NT / 2003 / XP / Versão: 10.0.19044
Memória Total:        2047 MB, (Usada: 50,000 %)
Endereço IP Local:    192.168.50.230
Nome do Computador:   DESKTOP-CGKE8G9
Banco de Dados:       POSTGRESQL
Endereço Servidor:    localhost
Base de Dados:        estacionamento
Compilador:           VER340 (Delphi 10.4 Sydney)

